<?xml version="1.0" encoding="UTF-8"?>
<beans xmlns:xsi="http://www.w3.org/2001/XMLSchema-instance"
       xmlns:context="http://www.springframework.org/schema/context"
       xmlns="http://www.springframework.org/schema/beans"
       xsi:schemaLocation="http://www.springframework.org/schema/beans http://www.springframework.org/schema/beans/spring-beans.xsd
              http://www.springframework.org/schema/context http://www.springframework.org/schema/context/spring-context.xsd">

    <context:component-scan base-package="pl.edu.agh.ietanks">
        <context:exclude-filter type="regex" expression=".*Configuration.*"/>
    </context:component-scan>

    <bean class="pl.edu.agh.ietanks.bot.SimpleBotService"/>
</beans>